<?xml version="1.0" encoding="UTF-8"?>
<!-- Generated by org.testng.reporters.JUnitReportReporter -->
<testsuite hostname="NikhilReddy" failures="0" tests="1" name="testCases.DriverTest" time="10.356" errors="0" timestamp="2022-02-22T16:11:29 IST" skipped="0">
  <testcase classname="testCases.DriverTest" name="fnBrowserStart" time="10.356"/>
  <system-out/>
</testsuite> <!-- testCases.DriverTest -->
